Base path: 'C:/Program Files/Unity/Hub/Editor/2021.3.4f1/Editor/Data', plugins path 'C:/Program Files/Unity/Hub/Editor/2021.3.4f1/Editor/Data/PlaybackEngines'
Cmd: initializeCompiler

Cmd: compileComputeKernel
  insize=3444 file=Packages/com.unity.postprocessing/PostProcessing/Shaders/Builtins/MultiScaleVODownsample1.compute kernel=MultiScaleVODownsample1 cachingPP=1 ppOnly=0 stripLineD=0 buildPlatform=19 km=<main=MultiScaleVODownsample1>,<UNITY_VERSION=202134> pKW=UNITY_USE_DITHER_MASK_FOR_ALPHABLENDED_SHADOWS UNITY_PBS_USE_BRDF1 UNITY_SPECCUBE_BOX_PROJECTION UNITY_SPECCUBE_BLENDING UNITY_ENABLE_DETAIL_NORMALMAP SHADER_API_DESKTOP UNITY_LIGHT_PROBE_PROXY_VOLUME UNITY_LIGHTMAP_RGBM_ENCODING uKW=SHADER_STAGE_COMPUTE platform=d3d11 flags=0 reqs=16385 forceDXC=0 forceFXC=0 ok=1 outsize=2521

Cmd: compileComputeKernel
  insize=18315 file=Packages/com.unity.postprocessing/PostProcessing/Shaders/Builtins/MultiScaleVOUpsample.compute kernel=MultiScaleVOUpSample_invert cachingPP=1 ppOnly=0 stripLineD=0 buildPlatform=19 km=<MAIN=MultiScaleVOUpSample_invert>,<INVERT=1>,<UNITY_VERSION=202134> pKW=UNITY_USE_DITHER_MASK_FOR_ALPHABLENDED_SHADOWS UNITY_PBS_USE_BRDF1 UNITY_SPECCUBE_BOX_PROJECTION UNITY_SPECCUBE_BLENDING UNITY_ENABLE_DETAIL_NORMALMAP SHADER_API_DESKTOP UNITY_LIGHT_PROBE_PROXY_VOLUME UNITY_LIGHTMAP_RGBM_ENCODING uKW=SHADER_STAGE_COMPUTE platform=d3d11 flags=0 reqs=16385 forceDXC=0 forceFXC=0 ok=1 outsize=8653

Cmd: compileComputeKernel
  insize=3444 file=Packages/com.unity.postprocessing/PostProcessing/Shaders/Builtins/MultiScaleVODownsample1.compute kernel=MultiScaleVODownsample1_MSAA cachingPP=1 ppOnly=0 stripLineD=0 buildPlatform=2 km=<main=MultiScaleVODownsample1_MSAA>,<MSAA=1>,<UNITY_VERSION=202134> pKW=UNITY_USE_DITHER_MASK_FOR_ALPHABLENDED_SHADOWS UNITY_PBS_USE_BRDF1 UNITY_SPECCUBE_BOX_PROJECTION UNITY_SPECCUBE_BLENDING UNITY_ENABLE_DETAIL_NORMALMAP SHADER_API_DESKTOP UNITY_LIGHT_PROBE_PROXY_VOLUME UNITY_LIGHTMAP_RGBM_ENCODING uKW=SHADER_STAGE_COMPUTE platform=metal flags=4096 reqs=16385 forceDXC=0 forceFXC=0 ok=1 outsize=5853

Cmd: compileComputeKernel
  insize=3240 file=Packages/com.unity.postprocessing/PostProcessing/Shaders/Builtins/ExposureHistogram.compute kernel=KEyeHistogramClear cachingPP=1 ppOnly=0 stripLineD=0 buildPlatform=19 km=<UNITY_VERSION=202134> pKW=UNITY_USE_DITHER_MASK_FOR_ALPHABLENDED_SHADOWS UNITY_PBS_USE_BRDF1 UNITY_SPECCUBE_BOX_PROJECTION UNITY_SPECCUBE_BLENDING UNITY_ENABLE_DETAIL_NORMALMAP SHADER_API_DESKTOP UNITY_LIGHT_PROBE_PROXY_VOLUME UNITY_LIGHTMAP_RGBM_ENCODING uKW=SHADER_STAGE_COMPUTE platform=d3d11 flags=0 reqs=16385 forceDXC=0 forceFXC=0 ok=1 outsize=375

Cmd: compileComputeKernel
  insize=5485 file=Packages/com.unity.postprocessing/PostProcessing/Shaders/Builtins/GaussianDownsample.compute kernel=KMain cachingPP=1 ppOnly=0 stripLineD=0 buildPlatform=19 km=<UNITY_VERSION=202134> pKW=UNITY_USE_DITHER_MASK_FOR_ALPHABLENDED_SHADOWS UNITY_PBS_USE_BRDF1 UNITY_SPECCUBE_BOX_PROJECTION UNITY_SPECCUBE_BLENDING UNITY_ENABLE_DETAIL_NORMALMAP SHADER_API_DESKTOP UNITY_LIGHT_PROBE_PROXY_VOLUME UNITY_LIGHTMAP_RGBM_ENCODING uKW=SHADER_STAGE_COMPUTE platform=d3d11 flags=0 reqs=16385 forceDXC=0 forceFXC=0 ok=1 outsize=6437

Cmd: compileComputeKernel
  insize=10925 file=Packages/com.unity.postprocessing/PostProcessing/Shaders/Builtins/MultiScaleVORender.compute kernel=MultiScaleVORender_MSAA_interleaved cachingPP=1 ppOnly=0 stripLineD=0 buildPlatform=19 km=<MAIN=MultiScaleVORender_MSAA_interleaved>,<MSAA=1>,<INTERLEAVE_RESULT=1>,<UNITY_VERSION=202134> pKW=UNITY_USE_DITHER_MASK_FOR_ALPHABLENDED_SHADOWS UNITY_PBS_USE_BRDF1 UNITY_SPECCUBE_BOX_PROJECTION UNITY_SPECCUBE_BLENDING UNITY_ENABLE_DETAIL_NORMALMAP SHADER_API_DESKTOP UNITY_LIGHT_PROBE_PROXY_VOLUME UNITY_LIGHTMAP_RGBM_ENCODING uKW=SHADER_STAGE_COMPUTE platform=d3d11 flags=0 reqs=16385 forceDXC=0 forceFXC=0 ok=1 outsize=10585

Cmd: compileComputeKernel
  insize=18315 file=Packages/com.unity.postprocessing/PostProcessing/Shaders/Builtins/MultiScaleVOUpsample.compute kernel=MultiScaleVOUpSample_premin cachingPP=1 ppOnly=0 stripLineD=0 buildPlatform=19 km=<MAIN=MultiScaleVOUpSample_premin>,<COMBINE_LOWER_RESOLUTIONS=1>,<UNITY_VERSION=202134> pKW=UNITY_USE_DITHER_MASK_FOR_ALPHABLENDED_SHADOWS UNITY_PBS_USE_BRDF1 UNITY_SPECCUBE_BOX_PROJECTION UNITY_SPECCUBE_BLENDING UNITY_ENABLE_DETAIL_NORMALMAP SHADER_API_DESKTOP UNITY_LIGHT_PROBE_PROXY_VOLUME UNITY_LIGHTMAP_RGBM_ENCODING uKW=SHADER_STAGE_COMPUTE platform=d3d11 flags=0 reqs=16385 forceDXC=0 forceFXC=0 ok=1 outsize=8653

Cmd: compileComputeKernel
  insize=3444 file=Packages/com.unity.postprocessing/PostProcessing/Shaders/Builtins/MultiScaleVODownsample1.compute kernel=MultiScaleVODownsample1 cachingPP=1 ppOnly=0 stripLineD=0 buildPlatform=19 km=<main=MultiScaleVODownsample1>,<UNITY_VERSION=202134> pKW=UNITY_USE_DITHER_MASK_FOR_ALPHABLENDED_SHADOWS UNITY_PBS_USE_BRDF1 UNITY_SPECCUBE_BOX_PROJECTION UNITY_SPECCUBE_BLENDING UNITY_ENABLE_DETAIL_NORMALMAP SHADER_API_DESKTOP UNITY_LIGHT_PROBE_PROXY_VOLUME UNITY_LIGHTMAP_RGBM_ENCODING uKW=SHADER_STAGE_COMPUTE platform=d3d11 flags=0 reqs=16385 forceDXC=0 forceFXC=0 ok=1 outsize=2521

Cmd: compileComputeKernel
  insize=3444 file=Packages/com.unity.postprocessing/PostProcessing/Shaders/Builtins/MultiScaleVODownsample1.compute kernel=MultiScaleVODownsample1_MSAA cachingPP=1 ppOnly=0 stripLineD=0 buildPlatform=2 km=<main=MultiScaleVODownsample1_MSAA>,<MSAA=1>,<UNITY_VERSION=202134> pKW=UNITY_USE_DITHER_MASK_FOR_ALPHABLENDED_SHADOWS UNITY_PBS_USE_BRDF1 UNITY_SPECCUBE_BOX_PROJECTION UNITY_SPECCUBE_BLENDING UNITY_ENABLE_DETAIL_NORMALMAP SHADER_API_DESKTOP UNITY_LIGHT_PROBE_PROXY_VOLUME UNITY_LIGHTMAP_RGBM_ENCODING uKW=SHADER_STAGE_COMPUTE platform=metal flags=4096 reqs=16385 forceDXC=0 forceFXC=0 ok=1 outsize=5853

Cmd: compileComputeKernel
  insize=3240 file=Packages/com.unity.postprocessing/PostProcessing/Shaders/Builtins/ExposureHistogram.compute kernel=KEyeHistogramClear cachingPP=1 ppOnly=0 stripLineD=0 buildPlatform=19 km=<UNITY_VERSION=202134> pKW=UNITY_USE_DITHER_MASK_FOR_ALPHABLENDED_SHADOWS UNITY_PBS_USE_BRDF1 UNITY_SPECCUBE_BOX_PROJECTION UNITY_SPECCUBE_BLENDING UNITY_ENABLE_DETAIL_NORMALMAP SHADER_API_DESKTOP UNITY_LIGHT_PROBE_PROXY_VOLUME UNITY_LIGHTMAP_RGBM_ENCODING uKW=SHADER_STAGE_COMPUTE platform=d3d11 flags=0 reqs=16385 forceDXC=0 forceFXC=0 ok=1 outsize=375

Cmd: compileComputeKernel
  insize=3444 file=Packages/com.unity.postprocessing/PostProcessing/Shaders/Builtins/MultiScaleVODownsample1.compute kernel=MultiScaleVODownsample1 cachingPP=1 ppOnly=0 stripLineD=0 buildPlatform=19 km=<main=MultiScaleVODownsample1>,<UNITY_VERSION=202134> pKW=UNITY_USE_DITHER_MASK_FOR_ALPHABLENDED_SHADOWS UNITY_PBS_USE_BRDF1 UNITY_SPECCUBE_BOX_PROJECTION UNITY_SPECCUBE_BLENDING UNITY_ENABLE_DETAIL_NORMALMAP SHADER_API_DESKTOP UNITY_LIGHT_PROBE_PROXY_VOLUME UNITY_LIGHTMAP_RGBM_ENCODING uKW=SHADER_STAGE_COMPUTE platform=d3d11 flags=0 reqs=16385 forceDXC=0 forceFXC=0 ok=1 outsize=2521

Cmd: compileComputeKernel
  insize=18315 file=Packages/com.unity.postprocessing/PostProcessing/Shaders/Builtins/MultiScaleVOUpsample.compute kernel=MultiScaleVOUpSample_invert cachingPP=1 ppOnly=0 stripLineD=0 buildPlatform=19 km=<MAIN=MultiScaleVOUpSample_invert>,<INVERT=1>,<UNITY_VERSION=202134> pKW=UNITY_USE_DITHER_MASK_FOR_ALPHABLENDED_SHADOWS UNITY_PBS_USE_BRDF1 UNITY_SPECCUBE_BOX_PROJECTION UNITY_SPECCUBE_BLENDING UNITY_ENABLE_DETAIL_NORMALMAP SHADER_API_DESKTOP UNITY_LIGHT_PROBE_PROXY_VOLUME UNITY_LIGHTMAP_RGBM_ENCODING uKW=SHADER_STAGE_COMPUTE platform=d3d11 flags=0 reqs=16385 forceDXC=0 forceFXC=0 ok=1 outsize=8653

Cmd: shutdown
